\BOOKMARK [0][-]{chapter.1}{\376\377\000E\000n\000s\000e\000m\000b\000l\000e\000s}{}% 1
\BOOKMARK [1][-]{subsection.1.0.1}{\376\377\000M\000a\000n\000i\000\350\000r\000e\000s\000\040\000d\000e\000\040\000d\000\351\000f\000i\000n\000i\000r\000\040\000u\000n\000e\000\040\000f\000o\000n\000c\000t\000i\000o\000n}{chapter.1}% 2
\BOOKMARK [0][-]{chapter.6}{\376\377\000G\000r\000o\000u\000p\000e\000s}{}% 3
\BOOKMARK [1][-]{subsection.6.0.1}{\376\377\000P\000r\000o\000p\000r\000i\000\351\000t\000\351\000s\000\040\000\351\000l\000\351\000m\000e\000n\000t\000a\000i\000r\000e\000s\000\040\000d\000e\000s\000\040\000g\000r\000o\000u\000p\000e\000s}{chapter.6}% 4
\BOOKMARK [2][-]{subsection.6.0.2}{\376\377\000P\000r\000o\000d\000u\000i\000t\000\040\000c\000a\000r\000t\000\351\000s\000i\000e\000n\000\040\000d\000e\000\040\000g\000r\000o\000u\000p\000e\000s}{subsection.6.0.1}% 5
\BOOKMARK [2][-]{subsection.6.0.3}{\376\377\000I\000s\000o\000m\000o\000r\000p\000h\000i\000s\000m\000e\000s\000\040\000d\000e\000\040\000g\000r\000o\000u\000p\000e\000s}{subsection.6.0.1}% 6
\BOOKMARK [2][-]{subsection.6.0.4}{\376\377\000P\000u\000i\000s\000s\000a\000n\000c\000e\000s\000\040\000d\000'\000\351\000l\000\351\000m\000e\000n\000t\000s\000\040\000d\000e\000\040\000g\000r\000o\000u\000p\000e\000s}{subsection.6.0.1}% 7
\BOOKMARK [2][-]{subsection.6.0.5}{\376\377\000S\000o\000u\000s\000-\000g\000r\000o\000u\000p\000e\000s}{subsection.6.0.1}% 8
\BOOKMARK [0][-]{chapter.2}{\376\377\000A\000p\000p\000l\000i\000c\000a\000t\000i\000o\000n\000s\000\040\000e\000t\000\040\000\351\000q\000u\000i\000v\000a\000l\000e\000n\000c\000e\000s}{}% 9
\BOOKMARK [1][-]{section.2.4}{\376\377\000R\000e\000l\000a\000t\000i\000o\000n\000s\000\040\000d\000'\000\351\000q\000u\000i\000v\000a\000l\000e\000n\000c\000e}{chapter.2}% 10
\BOOKMARK [2][-]{subsection.2.4.1}{\376\377\000O\000r\000d\000r\000e\000\040\000e\000t\000\040\000g\000r\000o\000u\000p\000e\000s\000\040\000c\000y\000c\000l\000i\000q\000u\000e\000s}{section.2.4}% 11
\BOOKMARK [0][-]{chapter.6}{\376\377\000G\000r\000o\000u\000p\000e\000s\000\040\000\050\000s\000u\000i\000t\000e\000\051}{}% 12
\BOOKMARK [1][-]{section.6.13}{\376\377\000G\000r\000o\000u\000p\000e\000s\000\040\000s\000y\000m\000\351\000t\000r\000i\000q\000u\000e\000s\000\040\000S\000n}{chapter.6}% 13
\BOOKMARK [0][-]{chapter.8}{\376\377\000H\000o\000m\000o\000m\000o\000r\000p\000h\000i\000s\000m\000e\000s}{}% 14
\BOOKMARK [1][-]{section*.13}{\376\377\000\311\000q\000u\000i\000v\000a\000l\000e\000n\000c\000e\000\040\000m\000o\000d\000u\000l\000o\000\040\000H\000\040\000e\000t\000\040\000t\000h\000\351\000o\000r\000\350\000m\000e\000\040\000d\000e\000\040\000L\000a\000g\000r\000a\000n\000g\000e}{chapter.8}% 15
\BOOKMARK [1][-]{section.8.6}{\376\377\000G\000r\000o\000u\000p\000e\000s\000\040\000q\000u\000o\000t\000i\000e\000n\000t\000s}{chapter.8}% 16
\BOOKMARK [1][-]{section*.14}{\376\377\000G\000r\000o\000u\000p\000e\000s\000\040\000m\000o\000n\000o\000g\000\350\000n\000e\000s}{chapter.8}% 17
\BOOKMARK [1][-]{section.8.3}{\376\377\000T\000h\000\351\000o\000r\000\350\000m\000e\000\040\000d\000e\000\040\000C\000a\000y\000l\000e\000y}{chapter.8}% 18
\BOOKMARK [0][-]{chapter*.16}{\376\377\000A\000c\000t\000i\000o\000n\000s\000\040\000d\000e\000\040\000g\000r\000o\000u\000p\000e\000s}{}% 19
\BOOKMARK [1][-]{section*.17}{\376\377\000L\000e\000m\000m\000e\000\040\000d\000e\000\040\000B\000u\000r\000n\000s\000i\000d\000e}{chapter*.16}% 20
\BOOKMARK [0][-]{chapter*.22}{\376\377\000C\000o\000m\000p\000l\000\351\000m\000e\000n\000t\000s\000/\000r\000a\000p\000p\000e\000l\000s}{}% 21
